<?xml version="1.0" encoding="UTF-8"?>
<testsuite name="otel.demo.order_service.OrderServiceApplicationTests" tests="1" skipped="0" failures="0" errors="0" timestamp="2024-07-10T17:19:53" hostname="AKANKSHA" time="0.976">
  <properties/>
  <testcase name="contextLoads()" classname="otel.demo.order_service.OrderServiceApplicationTests" time="0.976"/>
  <system-out><![CDATA[22:49:50.568 [Test worker] INFO org.springframework.test.context.support.AnnotationConfigContextLoaderUtils -- Could not detect default configuration classes for test class [otel.demo.order_service.OrderServiceApplicationTests]: OrderServiceApplicationTests does not declare any static, non-private, non-final, nested classes annotated with @Configuration.
22:49:50.756 [Test worker] INFO org.springframework.boot.test.context.SpringBootTestContextBootstrapper -- Found @SpringBootConfiguration otel.demo.order_service.OrderServiceApplication for test class otel.demo.order_service.OrderServiceApplicationTests

  .   ____          _            __ _ _
 /\\ / ___'_ __ _ _(_)_ __  __ _ \ \ \ \
( ( )\___ | '_ | '_| | '_ \/ _` | \ \ \ \
 \\/  ___)| |_)| | | | | || (_| |  ) ) ) )
  '  |____| .__|_| |_|_| |_\__, | / / / /
 =========|_|==============|___/=/_/_/_/

 :: Spring Boot ::                (v3.3.1)

2024-07-10T22:49:51.306+05:30  INFO 17040 --- [order-service] [    Test worker] o.d.o.OrderServiceApplicationTests       : Starting OrderServiceApplicationTests using Java 17.0.1 with PID 17040 (started by KIIT in C:\Users\KIIT\Documents\Software\Otel\order-service)
2024-07-10T22:49:51.307+05:30  INFO 17040 --- [order-service] [    Test worker] o.d.o.OrderServiceApplicationTests       : No active profile set, falling back to 1 default profile: "default"
2024-07-10T22:49:53.019+05:30  INFO 17040 --- [order-service] [    Test worker] o.d.o.OrderServiceApplicationTests       : Started OrderServiceApplicationTests in 2.02 seconds (process running for 3.535)
]]></system-out>
  <system-err><![CDATA[]]></system-err>
</testsuite>
